INFO  [main]:03 Nov 2019 22:59:07,464 AllAPISteps.java(36)  - -----------------Before Hook of AllAPISteps-----------------
INFO  [main]:03 Nov 2019 22:59:07,468 PropertiesReaderUtil.java(18)  - Reading properties from properties file into system properties
INFO  [main]:03 Nov 2019 22:59:07,478 AllAPISteps.java(50)  - I have Get URI
INFO  [main]:03 Nov 2019 22:59:07,478 AllAPISteps.java(52)  - http://hotel-test.equalexperts.io/booking/
INFO  [main]:03 Nov 2019 22:59:07,478 AllAPISteps.java(58)  - I make a Get call
INFO  [main]:03 Nov 2019 22:59:09,768 AllAPISteps.java(88)  - I should get all bookins present in the system
INFO  [main]:03 Nov 2019 22:59:09,799 AllAPISteps.java(90)  - [{"bookingid":1514},{"bookingid":1515},{"bookingid":1516},{"bookingid":1517},{"bookingid":1518},{"bookingid":1519},{"bookingid":1520},{"bookingid":1521},{"bookingid":1522},{"bookingid":1523},{"bookingid":1524},{"bookingid":1525},{"bookingid":1526},{"bookingid":1527},{"bookingid":1528},{"bookingid":1529},{"bookingid":1530},{"bookingid":1531},{"bookingid":1532},{"bookingid":1533},{"bookingid":1534}]
INFO  [main]:03 Nov 2019 22:59:10,344 AllAPISteps.java(99)  - Bookings Count :21
INFO  [main]:03 Nov 2019 22:59:10,344 AllAPISteps.java(44)  - -----------------After Hook of AllAPISteps-----------------
INFO  [main]:03 Nov 2019 22:59:10,348 AllAPISteps.java(36)  - -----------------Before Hook of AllAPISteps-----------------
INFO  [main]:03 Nov 2019 22:59:10,348 AllAPISteps.java(112)  - I have POST URI
INFO  [main]:03 Nov 2019 22:59:10,349 AllAPISteps.java(114)  - http://hotel-test.equalexperts.io/booking/
INFO  [main]:03 Nov 2019 22:59:10,349 AllAPISteps.java(122)  - I have booking data in the jsonfile :conf/testdata/newbooking.json
INFO  [main]:03 Nov 2019 22:59:10,353 AllAPISteps.java(130)  - I make a post request with the json file
INFO  [main]:03 Nov 2019 22:59:10,474 AllAPISteps.java(139)  - New Booking should get created successfully
INFO  [main]:03 Nov 2019 22:59:10,475 AllAPISteps.java(141)  - {"bookingid":1535,"booking":{"firstname":"fnameapi1","lastname":"snameapi11","totalprice":23,"depositpaid":false,"bookingdates":{"checkin":"2019-11-22","checkout":"2019-11-23"}}}
INFO  [main]:03 Nov 2019 22:59:10,477 AllAPISteps.java(44)  - -----------------After Hook of AllAPISteps-----------------
INFO  [main]:03 Nov 2019 22:59:10,483 AllWebDriverSteps.java(49)  - -----------------Before Hook of AllWebDriverSteps---------------------------
INFO  [main]:03 Nov 2019 22:59:10,486 WebDriverFactory.java(38)  - Browser :FIREFOX
INFO  [main]:03 Nov 2019 22:59:16,586 AllWebDriverSteps.java(67)  - User is on booking page
INFO  [main]:03 Nov 2019 22:59:20,293 AllWebDriverSteps.java(74)  - Count Before Booking/Deletion :22
INFO  [main]:03 Nov 2019 22:59:20,294 AllWebDriverSteps.java(81)  - User enters fcname22  in firstname field
INFO  [main]:03 Nov 2019 22:59:20,412 AllWebDriverSteps.java(88)  - User enters scname2  in surname field
INFO  [main]:03 Nov 2019 22:59:20,505 AllWebDriverSteps.java(95)  - User enters 12.5  in Price field
INFO  [main]:03 Nov 2019 22:59:20,585 AllWebDriverSteps.java(102)  - User selects false  in deposit field
INFO  [main]:03 Nov 2019 22:59:20,942 AllWebDriverSteps.java(109)  - User enters 2019-10-28  in checkin field
INFO  [main]:03 Nov 2019 22:59:21,117 AllWebDriverSteps.java(116)  - User enters 2019-10-29  in checkout field
INFO  [main]:03 Nov 2019 22:59:21,244 AllWebDriverSteps.java(123)  - User clicks save button
INFO  [main]:03 Nov 2019 22:59:26,515 AllWebDriverSteps.java(133)  - User clicks save button
INFO  [main]:03 Nov 2019 22:59:26,547 AllWebDriverSteps.java(135)  - After Booking :23
INFO  [main]:03 Nov 2019 22:59:26,548 AllWebDriverSteps.java(136)  - After Booking :23
INFO  [main]:03 Nov 2019 22:59:26,548 AllWebDriverSteps.java(59)  - -----------------After Hook of AllWebDriverSteps------------------------------
INFO  [main]:03 Nov 2019 22:59:30,232 AllWebDriverSteps.java(49)  - -----------------Before Hook of AllWebDriverSteps---------------------------
INFO  [main]:03 Nov 2019 22:59:30,232 WebDriverFactory.java(38)  - Browser :FIREFOX
INFO  [main]:03 Nov 2019 22:59:35,207 AllWebDriverSteps.java(180)  - booking data is presnt in the row :1
INFO  [main]:03 Nov 2019 22:59:35,207 AllWebDriverSteps.java(181)  - Row Number :1
INFO  [main]:03 Nov 2019 22:59:36,067 ExcelUtils.java(45)  - Fname1 : 
INFO  [main]:03 Nov 2019 22:59:36,068 ExcelUtils.java(46)  - Sname1 : 
INFO  [main]:03 Nov 2019 22:59:36,068 ExcelUtils.java(47)  - 12.34 : 
INFO  [main]:03 Nov 2019 22:59:36,068 ExcelUtils.java(48)  - true : 
INFO  [main]:03 Nov 2019 22:59:36,068 ExcelUtils.java(49)  - 2019-11-15 : 
INFO  [main]:03 Nov 2019 22:59:36,069 ExcelUtils.java(50)  - 2019-11-16 : 
INFO  [main]:03 Nov 2019 22:59:36,069 ExcelUtils.java(51)  - CREATE : 
INFO  [main]:03 Nov 2019 22:59:36,189 AllWebDriverSteps.java(67)  - User is on booking page
INFO  [main]:03 Nov 2019 22:59:39,759 AllWebDriverSteps.java(74)  - Count Before Booking/Deletion :23
INFO  [main]:03 Nov 2019 22:59:39,760 AllWebDriverSteps.java(189)  - User enters data into fields
INFO  [main]:03 Nov 2019 22:59:40,346 AllWebDriverSteps.java(123)  - User clicks save button
